[2026-03-03 11:14:54] OTP fallback for shamohammadqureshi@gmail.com: 846807
[2026-03-03 11:19:28] OTP fallback (email) for shamohammadqureshi@gmail.com: 292992
[2026-03-03 11:19:28] OTP fallback (sms) for 9987944139: 292992
[2026-03-03 11:29:43] OTP fallback (sms) for 9987944139: 484355
[2026-03-03 11:30:44] OTP fallback (sms) for 9987944139: 519724
[2026-03-03 11:45:52] OTP fallback (sms-demo) for 9987944139: 769058
[2026-03-03 17:54:52] OTP fallback (sms-demo) for 9987944139: 335541
[2026-03-05 02:58:19] OTP fallback (sms-demo) for 9022222222: 182780
[2026-03-11 18:28:48] OTP fallback (sms-demo) for 9987944139: 809737
[2026-03-11 18:29:19] OTP fallback (sms-demo) for 9987944139: 223273
[2026-03-13 12:46:18] OTP fallback (email) for shamohammadqureshi@gmail.com: 255604
[2026-03-13 12:52:18] OTP fallback (email) for shamohammadqureshi@gmail.com: 764804
[2026-03-13 12:52:29] OTP fallback (email) for shamohammadqureshi@gmail.com: 443618
[2026-03-13 12:52:31] OTP fallback (email) for shamohammadqureshi@gmail.com: 756280
[2026-03-13 12:52:33] OTP fallback (email) for shamohammadqureshi@gmail.com: 253350
[2026-03-13 12:55:33] OTP fallback (email) for shamohammadqureshi@gmail.com: 536890
[2026-03-13 12:58:50] OTP fallback (email) for shamohammadqureshi@gmail.com: 617281
[2026-03-13 13:25:30] OTP fallback (email) for shamohammadqureshi@gmail.com: 640030
[2026-03-13 13:32:03] OTP fallback (email) for shamohammadqureshi@gmail.com: 505034
[2026-03-14 16:45:54] OTP fallback (email) for shamohammadqureshi@gmail.com: 801480
[2026-03-14 16:47:05] OTP fallback (email) for shamohammadqureshi@gmail.com: 454934
[2026-03-18 09:57:01] OTP fallback (email) for shamohammadqureshi@gmail.com: 147461
[2026-03-18 09:57:39] OTP fallback (email) for shamohammadqureshi@gmail.com: 112617
[2026-03-18 13:51:25] OTP fallback (sms-demo) for 9987944139: 815438
[2026-03-18 16:23:47] OTP fallback (sms-demo) for 9987944139: 166998
[2026-03-18 16:40:25] OTP fallback (sms-demo) for 9987944139: 992348
[2026-03-18 16:44:00] OTP fallback (sms-demo) for 9987944139: 965289
[2026-03-18 17:28:08] OTP fallback (email-demo) for shamohammadqureshi@gmail.com: 623846
[2026-03-18 17:28:23] OTP fallback (application-email) for shamohammadqureshi@gmail.com: Application Submitted Successfully
[2026-03-22 12:47:36] OTP fallback (sms-demo) for 9987944139: 266355
[2026-03-22 12:47:49] OTP fallback (application-email) for shamohammadqureshi@gmail.com: Application Submitted Successfully
[2026-03-22 12:49:52] OTP fallback (payment-email) for shamohammadqureshi@gmail.com: Payment Submitted for Verification
[2026-03-22 17:44:58] OTP fallback (sms-demo) for 9987944139: 368715
[2026-03-22 17:45:44] OTP fallback (application-email) for shamohammadqureshi@gmail.com: Application Submitted Successfully
[2026-03-22 17:48:04] OTP fallback (sms-demo) for 9022222222: 789138
[2026-03-22 17:51:27] OTP fallback (application-email) for shamohammadqureshi@gmail.com: Application Submitted Successfully
[2026-03-22 18:28:18] OTP fallback (otp-email) for rahulberokhan@gmail.com: 626063
[2026-03-22 18:35:46] OTP fallback (otp-email) for rahulberokhan@gmail.com: 641351
[2026-03-22 18:36:25] OTP fallback (otp-email) for shamohammadqureshi@gmail.com: 832670
